Using pre-set license
Built from '2020.3/staging' branch; Version is '2020.3.23f1 (c5d91304a876) revision 12966163'; Using compiler version '192528614'; Build Type 'Release'
OS: 'Windows 10 Home; OS build 19044.1706; Version 2009; 64bit' Language: 'fr' Physical Memory: 16297 MB
BatchMode: 1, IsHumanControllingUs: 0, StartBugReporterOnCrash: 0, Is64bit: 1, IsPro: 0

COMMAND LINE ARGUMENTS:
C:\Program Files\Unity\Hub\Editor\2020.3.23f1\Editor\Unity.exe
-adb2
-batchMode
-noUpm
-name
AssetImportWorker0
-projectPath
C:/Users/Bastien/OneDrive/Documents/GITHUBCODE/Juiciness/Juiciness
-logFile
Logs/AssetImportWorker0.log
-srvPort
49862
Successfully changed project path to: C:/Users/Bastien/OneDrive/Documents/GITHUBCODE/Juiciness/Juiciness
C:/Users/Bastien/OneDrive/Documents/GITHUBCODE/Juiciness/Juiciness
Using Asset Import Pipeline V2.
Refreshing native plugins compatible for Editor in 28.35 ms, found 2 plugins.
Preloading 0 native plugins for Editor in 0.00 ms.
Initialize engine version: 2020.3.23f1 (c5d91304a876)
[Subsystems] Discovering subsystems at path C:/Program Files/Unity/Hub/Editor/2020.3.23f1/Editor/Data/Resources/UnitySubsystems
[Subsystems] Discovering subsystems at path C:/Users/Bastien/OneDrive/Documents/GITHUBCODE/Juiciness/Juiciness/Assets
GfxDevice: creating device client; threaded=0
Direct3D:
    Version:  Direct3D 11.0 [level 11.1]
    Renderer: NVIDIA GeForce RTX 3070 (ID=0x2484)
    Vendor:   
    VRAM:     8043 MB
    Driver:   27.21.14.6663
Initialize mono
Mono path[0] = 'C:/Program Files/Unity/Hub/Editor/2020.3.23f1/Editor/Data/Managed'
Mono path[1] = 'C:/Program Files/Unity/Hub/Editor/2020.3.23f1/Editor/Data/MonoBleedingEdge/lib/mono/unityjit'
Mono config path = 'C:/Program Files/Unity/Hub/Editor/2020.3.23f1/Editor/Data/MonoBleedingEdge/etc'
Using monoOptions --debugger-agent=transport=dt_socket,embedding=1,server=y,suspend=n,address=127.0.0.1:56996
Begin MonoManager ReloadAssembly
Registering precompiled unity dll's ...
Register platform support module: C:/Program Files/Unity/Hub/Editor/2020.3.23f1/Editor/Data/PlaybackEngines/WindowsStandaloneSupport/UnityEditor.WindowsStandalone.Extensions.dll
Registered in 0.001735 seconds.
Native extension for WindowsStandalone target not found
Refreshing native plugins compatible for Editor in 27.66 ms, found 2 plugins.
Preloading 0 native plugins for Editor in 0.00 ms.
Mono: successfully reloaded assembly
- Completed reload, in  0.393 seconds
Domain Reload Profiling:
	ReloadAssembly (393ms)
		BeginReloadAssembly (40ms)
			ExecutionOrderSort (0ms)
			DisableScriptedObjects (0ms)
			BackupInstance (0ms)
			ReleaseScriptingObjects (0ms)
			CreateAndSetChildDomain (1ms)
		EndReloadAssembly (299ms)
			LoadAssemblies (39ms)
			RebuildTransferFunctionScriptingTraits (0ms)
			SetupTypeCache (94ms)
			ReleaseScriptCaches (0ms)
			RebuildScriptCaches (19ms)
			SetupLoadedEditorAssemblies (117ms)
				LogAssemblyErrors (0ms)
				InitializePlatformSupportModulesInManaged (3ms)
				SetLoadedEditorAssemblies (0ms)
				RefreshPlugins (28ms)
				BeforeProcessingInitializeOnLoad (12ms)
				ProcessInitializeOnLoadAttributes (55ms)
				ProcessInitializeOnLoadMethodAttributes (19ms)
				AfterProcessingInitializeOnLoad (0ms)
				EditorAssembliesLoaded (0ms)
			ExecutionOrderSort2 (0ms)
			AwakeInstancesAfterBackupRestoration (0ms)
Platform modules already initialized, skipping
Registering precompiled user dll's ...
Registered in 0.003861 seconds.
Begin MonoManager ReloadAssembly
Native extension for WindowsStandalone target not found
Refreshing native plugins compatible for Editor in 0.42 ms, found 2 plugins.
Preloading 0 native plugins for Editor in 0.00 ms.
Mono: successfully reloaded assembly
- Completed reload, in  0.689 seconds
Domain Reload Profiling:
	ReloadAssembly (690ms)
		BeginReloadAssembly (99ms)
			ExecutionOrderSort (0ms)
			DisableScriptedObjects (3ms)
			BackupInstance (0ms)
			ReleaseScriptingObjects (0ms)
			CreateAndSetChildDomain (16ms)
		EndReloadAssembly (547ms)
			LoadAssemblies (64ms)
			RebuildTransferFunctionScriptingTraits (0ms)
			SetupTypeCache (183ms)
			ReleaseScriptCaches (0ms)
			RebuildScriptCaches (26ms)
			SetupLoadedEditorAssemblies (218ms)
				LogAssemblyErrors (0ms)
				InitializePlatformSupportModulesInManaged (3ms)
				SetLoadedEditorAssemblies (0ms)
				RefreshPlugins (0ms)
				BeforeProcessingInitializeOnLoad (63ms)
				ProcessInitializeOnLoadAttributes (139ms)
				ProcessInitializeOnLoadMethodAttributes (7ms)
				AfterProcessingInitializeOnLoad (5ms)
				EditorAssembliesLoaded (0ms)
			ExecutionOrderSort2 (0ms)
			AwakeInstancesAfterBackupRestoration (4ms)
Platform modules already initialized, skipping
========================================================================
Worker process is ready to serve import requests
Launched and connected shader compiler UnityShaderCompiler.exe after 0.04 seconds
Refreshing native plugins compatible for Editor in 0.39 ms, found 2 plugins.
Preloading 0 native plugins for Editor in 0.00 ms.
Unloading 1798 Unused Serialized files (Serialized files now loaded: 0)
System memory in use before: 83.1 MB.
System memory in use after: 83.2 MB.

Unloading 19 unused Assets to reduce memory usage. Loaded Objects now: 2231.
Total: 2.569400 ms (FindLiveObjects: 0.165300 ms CreateObjectMapping: 0.046500 ms MarkObjects: 2.307500 ms  DeleteObjects: 0.049200 ms)

AssetImportParameters requested are different than current active one (requested -> active):
  custom:framework-win-MediaFoundation: 216162199b28c13a410421893ffa2e32 -> 
  custom:video-decoder-ogg-theora: a1e56fd34408186e4bbccfd4996cb3dc -> 
  custom:container-muxer-webm: aa71ff27fc2769a1b78a27578f13a17b -> 
  custom:container-demuxer-webm: 4f35f7cbe854078d1ac9338744f61a02 -> 
  custom:container-demuxer-ogg: 62fdf1f143b41e24485cea50d1cbac27 -> 
  custom:video-encoder-webm-vp8: eb34c28f22e8b96e1ab97ce403110664 -> 
  custom:video-decoder-webm-vp8: 9c59270c3fd7afecdb556c50c9e8de78 -> 
  custom:audio-decoder-ogg-vorbis: bf7c407c2cedff20999df2af8eb42d56 -> 
  custom:audio-encoder-webm-vorbis: bf7c407c2cedff20999df2af8eb42d56 -> 
========================================================================
Received Import Request.
  path: Assets/Sprite/Kill Splash/ezgif.com-gif-maker (1).png
  artifactKey: Guid(d49de4b802f311d49b21b6e1fcbd01b4) Importer(815301076,1909f56bfc062723c751e8b465ee728b)
Start importing Assets/Sprite/Kill Splash/ezgif.com-gif-maker (1).png using Guid(d49de4b802f311d49b21b6e1fcbd01b4) Importer(815301076,1909f56bfc062723c751e8b465ee728b)  -> (artifact id: '600c1108b506c9b1907db9731cd2ebc8') in 0.062158 seconds 
  Import took 0.064569 seconds .

========================================================================
Received Import Request.
  Time since last request: 2.314490 seconds.
  path: Assets/Sprite/Kill Splash/ezgif.com-gif-maker (2).png
  artifactKey: Guid(00e9e8bea350e0341991c2ad13de7e98) Importer(815301076,1909f56bfc062723c751e8b465ee728b)
Start importing Assets/Sprite/Kill Splash/ezgif.com-gif-maker (2).png using Guid(00e9e8bea350e0341991c2ad13de7e98) Importer(815301076,1909f56bfc062723c751e8b465ee728b)  -> (artifact id: '0577bc5f5d8d50df579f84f44b2179a3') in 0.014501 seconds 
  Import took 0.017263 seconds .

========================================================================
Received Import Request.
  Time since last request: 16.538525 seconds.
  path: Assets/Sprite/Kill Splash/ezgif.com-gif-maker (1).png
  artifactKey: Guid(d49de4b802f311d49b21b6e1fcbd01b4) Importer(815301076,1909f56bfc062723c751e8b465ee728b)
Start importing Assets/Sprite/Kill Splash/ezgif.com-gif-maker (1).png using Guid(d49de4b802f311d49b21b6e1fcbd01b4) Importer(815301076,1909f56bfc062723c751e8b465ee728b)  -> (artifact id: 'ede871e56d49e265b99e01c51a7855aa') in 0.010818 seconds 
  Import took 0.013215 seconds .

========================================================================
Received Import Request.
  Time since last request: 10.658315 seconds.
  path: Assets/Sprite/Kill Splash/ezgif.com-gif-maker (2).png
  artifactKey: Guid(00e9e8bea350e0341991c2ad13de7e98) Importer(815301076,1909f56bfc062723c751e8b465ee728b)
Start importing Assets/Sprite/Kill Splash/ezgif.com-gif-maker (2).png using Guid(00e9e8bea350e0341991c2ad13de7e98) Importer(815301076,1909f56bfc062723c751e8b465ee728b)  -> (artifact id: 'db34c0017065b0f0163fa6c3529e8fe6') in 0.007855 seconds 
  Import took 0.010506 seconds .

========================================================================
Received Import Request.
  Time since last request: 431.808678 seconds.
  path: Assets/Sprite/Kill Splash/ezgif.com-gif-maker (1).png
  artifactKey: Guid(d49de4b802f311d49b21b6e1fcbd01b4) Importer(815301076,1909f56bfc062723c751e8b465ee728b)
Start importing Assets/Sprite/Kill Splash/ezgif.com-gif-maker (1).png using Guid(d49de4b802f311d49b21b6e1fcbd01b4) Importer(815301076,1909f56bfc062723c751e8b465ee728b)  -> (artifact id: 'a53b7991598f05396eea8acce4634a05') in 0.011323 seconds 
  Import took 0.014165 seconds .

========================================================================
Received Import Request.
  Time since last request: 0.000154 seconds.
  path: Assets/Sprite/Kill Splash/ezgif.com-gif-maker (2).png
  artifactKey: Guid(00e9e8bea350e0341991c2ad13de7e98) Importer(815301076,1909f56bfc062723c751e8b465ee728b)
Start importing Assets/Sprite/Kill Splash/ezgif.com-gif-maker (2).png using Guid(00e9e8bea350e0341991c2ad13de7e98) Importer(815301076,1909f56bfc062723c751e8b465ee728b)  -> (artifact id: '2e78929463e0b8a8fa1217cbb329266d') in 0.014286 seconds 
  Import took 0.016762 seconds .

========================================================================
Received Import Request.
  Time since last request: 8.403868 seconds.
  path: Assets/Sprite/Kill Splash/ezgif.com-gif-maker (2).png
  artifactKey: Guid(00e9e8bea350e0341991c2ad13de7e98) Importer(815301076,1909f56bfc062723c751e8b465ee728b)
Start importing Assets/Sprite/Kill Splash/ezgif.com-gif-maker (2).png using Guid(00e9e8bea350e0341991c2ad13de7e98) Importer(815301076,1909f56bfc062723c751e8b465ee728b)  -> (artifact id: '1193b710999f10750c82362de4403f9a') in 0.030184 seconds 
  Import took 0.032899 seconds .

========================================================================
Received Import Request.
  Time since last request: 10.398367 seconds.
  path: Assets/Sprite/Kill Splash/ezgif.com-gif-maker (1).png
  artifactKey: Guid(d49de4b802f311d49b21b6e1fcbd01b4) Importer(815301076,1909f56bfc062723c751e8b465ee728b)
Start importing Assets/Sprite/Kill Splash/ezgif.com-gif-maker (1).png using Guid(d49de4b802f311d49b21b6e1fcbd01b4) Importer(815301076,1909f56bfc062723c751e8b465ee728b)  -> (artifact id: '47e955e9fdfe019d9527c2545f1b13f3') in 0.013384 seconds 
  Import took 0.016327 seconds .

========================================================================
Received Import Request.
  Time since last request: 11.099020 seconds.
  path: Assets/Sprite/Hell-Hound-Files
  artifactKey: Guid(5240118086ccbe14bbd445e7c4c7043d) Importer(815301076,1909f56bfc062723c751e8b465ee728b)
Start importing Assets/Sprite/Hell-Hound-Files using Guid(5240118086ccbe14bbd445e7c4c7043d) Importer(815301076,1909f56bfc062723c751e8b465ee728b)  -> (artifact id: '033a23ad3f119bd81e268e5786fc8e85') in 0.005239 seconds 
  Import took 0.007594 seconds .

========================================================================
Received Import Request.
  Time since last request: 0.069667 seconds.
  path: Assets/Sprite/Hell-Hound-Files/get-more.jpg
  artifactKey: Guid(5ad36d3e3e3bc7649bc19aa92e465257) Importer(815301076,1909f56bfc062723c751e8b465ee728b)
Start importing Assets/Sprite/Hell-Hound-Files/get-more.jpg using Guid(5ad36d3e3e3bc7649bc19aa92e465257) Importer(815301076,1909f56bfc062723c751e8b465ee728b)  -> (artifact id: 'faa977b96436686b9bce8dfc3cad904d') in 0.008955 seconds 
  Import took 0.011607 seconds .

========================================================================
Received Import Request.
  Time since last request: 1.368183 seconds.
  path: Assets/Sprite/Hell-Hound-Files/PNG
  artifactKey: Guid(3ca9b00cc560e0644919a15cf330d124) Importer(815301076,1909f56bfc062723c751e8b465ee728b)
Start importing Assets/Sprite/Hell-Hound-Files/PNG using Guid(3ca9b00cc560e0644919a15cf330d124) Importer(815301076,1909f56bfc062723c751e8b465ee728b)  -> (artifact id: '21319de84fc2226d7708158f1c593845') in 0.001918 seconds 
  Import took 0.004656 seconds .

========================================================================
Received Import Request.
  Time since last request: 0.569431 seconds.
  path: Assets/Sprite/Hell-Hound-Files/PNG/hell-hound-idle.png
  artifactKey: Guid(ac757cb3daee72c4d9d42191bce3b671) Importer(815301076,1909f56bfc062723c751e8b465ee728b)
Start importing Assets/Sprite/Hell-Hound-Files/PNG/hell-hound-idle.png using Guid(ac757cb3daee72c4d9d42191bce3b671) Importer(815301076,1909f56bfc062723c751e8b465ee728b)  -> (artifact id: '8e5480d3e81c83275ad36ea2fa6f725c') in 0.008414 seconds 
  Import took 0.010872 seconds .

========================================================================
Received Import Request.
  Time since last request: 0.000128 seconds.
  path: Assets/Sprite/Hell-Hound-Files/PNG/hell-hound-jump.png
  artifactKey: Guid(ebefc52267eb48046861aaa2fc747ca8) Importer(815301076,1909f56bfc062723c751e8b465ee728b)
Start importing Assets/Sprite/Hell-Hound-Files/PNG/hell-hound-jump.png using Guid(ebefc52267eb48046861aaa2fc747ca8) Importer(815301076,1909f56bfc062723c751e8b465ee728b)  -> (artifact id: '204e4e0ed4564405855bf2d6bc8714cc') in 0.007266 seconds 
  Import took 0.009743 seconds .

========================================================================
Received Import Request.
  Time since last request: 0.000120 seconds.
  path: Assets/Sprite/Hell-Hound-Files/PNG/hell-hound-run.png
  artifactKey: Guid(ef903d3ffe9891d4e8d40b3484d9368a) Importer(815301076,1909f56bfc062723c751e8b465ee728b)
Start importing Assets/Sprite/Hell-Hound-Files/PNG/hell-hound-run.png using Guid(ef903d3ffe9891d4e8d40b3484d9368a) Importer(815301076,1909f56bfc062723c751e8b465ee728b)  -> (artifact id: '0940d4f6d7ba94d02b7d48b406673d34') in 0.007270 seconds 
  Import took 0.009462 seconds .

========================================================================
Received Import Request.
  Time since last request: 0.000114 seconds.
  path: Assets/Sprite/Hell-Hound-Files/PNG/hell-hound-walk.png
  artifactKey: Guid(deb3a76b71a9bf14aa6a7e482f29e9f8) Importer(815301076,1909f56bfc062723c751e8b465ee728b)
Start importing Assets/Sprite/Hell-Hound-Files/PNG/hell-hound-walk.png using Guid(deb3a76b71a9bf14aa6a7e482f29e9f8) Importer(815301076,1909f56bfc062723c751e8b465ee728b)  -> (artifact id: '156c254ee11c47a002a27b1ac4b5316f') in 0.008118 seconds 
  Import took 0.010247 seconds .

========================================================================
Received Import Request.
  Time since last request: 216.120386 seconds.
  path: Assets/Sprite/Hell-Hound-Files/PNG/hell-hound-run.png
  artifactKey: Guid(ef903d3ffe9891d4e8d40b3484d9368a) Importer(815301076,1909f56bfc062723c751e8b465ee728b)
Start importing Assets/Sprite/Hell-Hound-Files/PNG/hell-hound-run.png using Guid(ef903d3ffe9891d4e8d40b3484d9368a) Importer(815301076,1909f56bfc062723c751e8b465ee728b)  -> (artifact id: 'd552ccfb7bce68b8db799a66311257d1') in 0.008118 seconds 
  Import took 0.011064 seconds .

========================================================================
Received Import Request.
  Time since last request: 0.000137 seconds.
  path: Assets/Sprite/Hell-Hound-Files/PNG/hell-hound-run Right.png
  artifactKey: Guid(388cba4381deb444fa0daa3fe73b8d74) Importer(815301076,1909f56bfc062723c751e8b465ee728b)
Start importing Assets/Sprite/Hell-Hound-Files/PNG/hell-hound-run Right.png using Guid(388cba4381deb444fa0daa3fe73b8d74) Importer(815301076,1909f56bfc062723c751e8b465ee728b)  -> (artifact id: '61dd1826aae49052d153bcb98d307bd8') in 0.014121 seconds 
  Import took 0.016818 seconds .

AssetImportWorkerClient::OnTransportError - code=2 error=End of file
